[01m[K/home/shaman/ros2_ws/src/ROS_N6/ex04/my_robot_controller/src/robot_controller.cpp:3:10:[m[K [01;31m[Kfatal error: [m[Ksensor_msgs/msg/laser_scan.hpp: –ù–µ—Ç —Ç–∞–∫–æ–≥–æ —Ñ–∞–π–ª–∞ –∏–ª–∏ –∫–∞—Ç–∞–ª–æ–≥–∞
    3 | #include [01;31m[K<sensor_msgs/msg/laser_scan.hpp>[m[K
      |          [01;31m[K^~~~~~~~~~~~~~~~~~~~~~~~~~~~~~~~[m[K
compilation terminated.
gmake[2]: *** [CMakeFiles/robot_controller.dir/build.make:76: CMakeFiles/robot_controller.dir/src/robot_controller.cpp.o] –û—à–∏–±–∫–∞ 1
gmake[1]: *** [CMakeFiles/Makefile2:137: CMakeFiles/robot_controller.dir/all] –û—à–∏–±–∫–∞ 2
gmake: *** [Makefile:146: all] –û—à–∏–±–∫–∞ 2
