[0.016s] Invoking command in '/home/shaman/ros2_ws/src/ROS_N6/ex05/build/my_robot_controller_deep_cam': /usr/bin/cmake --build /home/shaman/ros2_ws/src/ROS_N6/ex05/build/my_robot_controller_deep_cam -- -j12 -l12
[0.034s] -- Found ament_cmake: 1.3.10 (/opt/ros/humble/share/ament_cmake/cmake)
[0.121s] -- Found rclcpp: 16.0.10 (/opt/ros/humble/share/rclcpp/cmake)
[0.138s] -- Found rosidl_generator_c: 3.1.5 (/opt/ros/humble/share/rosidl_generator_c/cmake)
[0.139s] -- Found rosidl_adapter: 3.1.5 (/opt/ros/humble/share/rosidl_adapter/cmake)
[0.143s] -- Found rosidl_generator_cpp: 3.1.5 (/opt/ros/humble/share/rosidl_generator_cpp/cmake)
[0.149s] -- Using all available rosidl_typesupport_c: rosidl_typesupport_fastrtps_c;rosidl_typesupport_introspection_c
[0.156s] -- Using all available rosidl_typesupport_cpp: rosidl_typesupport_fastrtps_cpp;rosidl_typesupport_introspection_cpp
[0.176s] -- Found rmw_implementation_cmake: 6.1.2 (/opt/ros/humble/share/rmw_implementation_cmake/cmake)
[0.177s] -- Found rmw_fastrtps_cpp: 6.2.7 (/opt/ros/humble/share/rmw_fastrtps_cpp/cmake)
[0.246s] -- Using RMW implementation 'rmw_fastrtps_cpp' as default
[0.275s] -- Found geometry_msgs: 4.2.4 (/opt/ros/humble/share/geometry_msgs/cmake)
[0.282s] -- Found tf2_ros: 0.25.8 (/opt/ros/humble/share/tf2_ros/cmake)
[0.331s] -- Found sensor_msgs: 4.2.4 (/opt/ros/humble/share/sensor_msgs/cmake)
[0.342s] -- Found pcl_conversions: 2.4.5 (/opt/ros/humble/share/pcl_conversions/cmake)
[0.361s] -- Eigen found (include: /usr/include/eigen3, version: 3.4.0)
[0.382s] -- FLANN found (include: /usr/include, lib: /usr/lib/x86_64-linux-gnu/libflann_cpp.so)
[0.573s] -- OpenNI found (version: 1.5.4.0, include: /usr/include/ni, lib: /usr/lib/libOpenNI.so;libusb::libusb)
[0.577s] -- OpenNI2 found (version: 2.2.0.33, include: /usr/include/openni2, lib: /usr/lib/x86_64-linux-gnu/libOpenNI2.so;libusb::libusb)
[0.674s] -- Eigen found (include: /usr/include/eigen3, version: 3.4.0)
[0.678s] -- OpenNI found (version: 1.5.4.0, include: /usr/include/ni, lib: /usr/lib/libOpenNI.so;libusb::libusb)
[0.682s] -- OpenNI2 found (version: 2.2.0.33, include: /usr/include/openni2, lib: /usr/lib/x86_64-linux-gnu/libOpenNI2.so;libusb::libusb)
[0.777s] -- Found Qhull version 8.0.2
[0.873s] -- OpenNI found (version: 1.5.4.0, include: /usr/include/ni, lib: /usr/lib/libOpenNI.so;libusb::libusb)
[0.970s] -- Found pcl_ros: 2.4.5 (/opt/ros/humble/share/pcl_ros/cmake)
[0.977s] -- Found eigen3_cmake_module: 0.1.1 (/opt/ros/humble/share/eigen3_cmake_module/cmake)
[0.978s] -- Ensuring Eigen3 include directory is part of orocos-kdl CMake target
[0.989s] -- Found ament_lint_auto: 0.12.11 (/opt/ros/humble/share/ament_lint_auto/cmake)
[1.023s] Error parsing '/home/shaman/ros2_ws/src/ROS_N6/ex05/my_robot_controller_deep_cam/package.xml':
[1.050s] Traceback (most recent call last):
[1.050s]   File "/opt/ros/humble/share/ament_cmake_core/cmake/core/package_xml_2_cmake.py", line 150, in <module>
[1.050s]     main()
[1.050s]   File "/opt/ros/humble/share/ament_cmake_core/cmake/core/package_xml_2_cmake.py", line 53, in main
[1.050s]     raise e
[1.050s]   File "/opt/ros/humble/share/ament_cmake_core/cmake/core/package_xml_2_cmake.py", line 49, in main
[1.050s]     package = parse_package_string(
[1.050s]   File "/usr/lib/python3/dist-packages/catkin_pkg/package.py", line 786, in parse_package_string
[1.059s]     raise InvalidPackage('Error(s):%s' % (''.join(['\n- %s' % e for e in errors])), filename)
[1.059s] catkin_pkg.package.InvalidPackage: Error(s) in package '/home/shaman/ros2_ws/src/ROS_N6/ex05/my_robot_controller_deep_cam/package.xml':
[1.059s] Error(s):
[1.059s] - The generic dependency on 'rclcpp' is redundant with: exec_depend
[1.059s] - The generic dependency on 'sensor_msgs' is redundant with: exec_depend
[1.059s] - The generic dependency on 'geometry_msgs' is redundant with: exec_depend
[1.059s] - The generic dependency on 'tf2_ros' is redundant with: exec_depend
[1.059s] - The generic dependency on 'pcl_conversions' is redundant with: exec_depend
[1.059s] - The generic dependency on 'pcl_ros' is redundant with: exec_depend
[1.068s] [31mCMake Error at /opt/ros/humble/share/ament_cmake_core/cmake/core/ament_package_xml.cmake:95 (message):
[1.068s]   execute_process(/usr/bin/python3
[1.069s]   /opt/ros/humble/share/ament_cmake_core/cmake/core/package_xml_2_cmake.py
[1.069s]   /home/shaman/ros2_ws/src/ROS_N6/ex05/my_robot_controller_deep_cam/package.xml
[1.069s]   /home/shaman/ros2_ws/src/ROS_N6/ex05/build/my_robot_controller_deep_cam/ament_cmake_core/package.cmake)
[1.069s]   returned error code 1
[1.069s] Call Stack (most recent call first):
[1.069s]   /opt/ros/humble/share/ament_cmake_core/cmake/core/ament_package_xml.cmake:49 (_ament_package_xml)
[1.069s]   /opt/ros/humble/share/ament_lint_auto/cmake/ament_lint_auto_find_test_dependencies.cmake:31 (ament_package_xml)
[1.069s]   CMakeLists.txt:36 (ament_lint_auto_find_test_dependencies)
[1.069s] 
[1.069s] [0m
[1.069s] -- Configuring incomplete, errors occurred!
[1.069s] See also "/home/shaman/ros2_ws/src/ROS_N6/ex05/build/my_robot_controller_deep_cam/CMakeFiles/CMakeOutput.log".
[1.080s] gmake: *** [Makefile:267: cmake_check_build_system] –û—à–∏–±–∫–∞ 1
[1.081s] Invoked command in '/home/shaman/ros2_ws/src/ROS_N6/ex05/build/my_robot_controller_deep_cam' returned '2': /usr/bin/cmake --build /home/shaman/ros2_ws/src/ROS_N6/ex05/build/my_robot_controller_deep_cam -- -j12 -l12
